
{"item": "GPS device", "user": 723, "date": "2023-09-30T17:37:48Z"}
{"item": "portable charger", "user": 101, "date": "2023-09-30T17:37:48Z"}
{"item": "robot vacuum cleaner", "user": 749, "date": "2023-09-30T17:37:48Z"}
{"item": "smart glasses", "user": 632, "date": "2023-09-30T17:37:48Z"}
{"item": "digital hygrometer", "user": 504, "date": "2023-09-30T17:37:48Z"}
{"item": "smart gloves", "user": 271, "date": "2023-09-30T17:37:48Z"}
{"item": "microphone", "user": 303, "date": "2023-09-30T17:37:48Z"}
{"item": "VR treadmill", "user": 328, "date": "2023-09-30T17:37:48Z"}
{"item": "circuit board", "user": 818, "date": "2023-09-30T17:37:48Z"}
{"item": "home theater projector", "user": 174, "date": "2023-09-30T17:37:48Z"}
{"item": "laser printer", "user": 390, "date": "2023-09-30T17:37:48Z"}
{"item": "printer", "user": 86, "date": "2023-09-30T17:37:48Z"}
{"item": "USB flash drive", "user": 741, "date": "2023-09-30T17:37:48Z"}
{"item": "hard disk drive", "user": 8, "date": "2023-09-30T17:37:48Z"}
{"item": "Bluetooth headphones", "user": 285, "date": "2023-09-30T17:37:48Z"}
{"item": "GPS device", "user": 34, "date": "2023-09-30T17:37:48Z"}
{"item": "robotic arm", "user": 845, "date": "2023-09-30T17:37:48Z"}
{"item": "Raspberry Pi", "user": 620, "date": "2023-09-30T17:37:48Z"}
{"item": "3D printer", "user": 125, "date": "2023-09-30T17:37:48Z"}
{"item": "cord organizer", "user": 651, "date": "2023-09-30T17:37:48Z"}
{"item": "TV wall mount", "user": 296, "date": "2023-09-30T17:37:48Z"}
{"item": "circuit board", "user": 332, "date": "2023-09-30T17:37:48Z"}
{"item": "HDMI cable", "user": 492, "date": "2023-09-30T17:37:48Z"}
{"item": "walkie-talkie", "user": 631, "date": "2023-09-30T17:37:48Z"}
{"item": "Wearable fitness tracker", "user": 350, "date": "2023-09-30T17:37:48Z"}
{"item": "power bank", "user": 1000, "date": "2023-09-30T17:37:48Z"}
{"item": "USB microphone", "user": 587, "date": "2023-09-30T17:37:48Z"}
{"item": "inkjet printer", "user": 683, "date": "2023-09-30T17:37:48Z"}
{"item": "digital hygrometer", "user": 801, "date": "2023-09-30T17:37:48Z"}
{"item": "wireless microphone", "user": 322, "date": "2023-09-30T17:37:48Z"}
{"item": "surround sound system", "user": 564, "date": "2023-09-30T17:37:48Z"}
{"item": "VR treadmill", "user": 10, "date": "2023-09-30T17:37:48Z"}
{"item": "signal generator", "user": 985, "date": "2023-09-30T17:37:48Z"}
{"item": "wireless charger", "user": 267, "date": "2023-09-30T17:37:48Z"}
{"item": "tablet", "user": 271, "date": "2023-09-30T17:37:48Z"}
{"item": "motherboard", "user": 689, "date": "2023-09-30T17:37:48Z"}
{"item": "motherboard", "user": 621, "date": "2023-09-30T17:37:48Z"}
{"item": "cord organizer", "user": 173, "date": "2023-09-30T17:37:48Z"}
{"item": "graphics card", "user": 743, "date": "2023-09-30T17:37:48Z"}
{"item": "smart thermostat", "user": 198, "date": "2023-09-30T17:37:48Z"}
{"item": "smart gloves", "user": 667, "date": "2023-09-30T17:37:48Z"}
{"item": "USB-C dock", "user": 623, "date": "2023-09-30T17:37:48Z"}
{"item": "robotic controller", "user": 139, "date": "2023-09-30T17:37:48Z"}
{"item": "robotic kit", "user": 770, "date": "2023-09-30T17:37:48Z"}
{"item": "gaming headset", "user": 394, "date": "2023-09-30T17:37:48Z"}
{"item": "voice recorder", "user": 708, "date": "2023-09-30T17:37:48Z"}
{"item": "walkie-talkie", "user": 74, "date": "2023-09-30T17:37:48Z"}
{"item": "soldering iron", "user": 7, "date": "2023-09-30T17:37:48Z"}
{"item": "mouse", "user": 401, "date": "2023-09-30T17:37:48Z"}
{"item": "power supply unit", "user": 791, "date": "2023-09-30T17:37:48Z"}
